{"/home/aurora/proj/ts/genthief/src/utils.ts": {"path":"/home/aurora/proj/ts/genthief/src/utils.ts","all":false,"statementMap":{"0":{"start":{"line":1,"column":0},"end":{"line":1,"column":51}},"1":{"start":{"line":2,"column":0},"end":{"line":2,"column":72}},"2":{"start":{"line":3,"column":0},"end":{"line":3,"column":85}},"3":{"start":{"line":4,"column":0},"end":{"line":4,"column":53}},"4":{"start":{"line":5,"column":0},"end":{"line":5,"column":0}},"5":{"start":{"line":6,"column":0},"end":{"line":6,"column":43}},"6":{"start":{"line":7,"column":0},"end":{"line":7,"column":28}},"7":{"start":{"line":8,"column":0},"end":{"line":8,"column":21}},"8":{"start":{"line":9,"column":0},"end":{"line":9,"column":1}},"9":{"start":{"line":10,"column":0},"end":{"line":10,"column":0}},"10":{"start":{"line":11,"column":0},"end":{"line":11,"column":48}},"11":{"start":{"line":12,"column":0},"end":{"line":12,"column":69}},"12":{"start":{"line":13,"column":0},"end":{"line":13,"column":71}},"13":{"start":{"line":14,"column":0},"end":{"line":14,"column":21}},"14":{"start":{"line":15,"column":0},"end":{"line":15,"column":19}},"15":{"start":{"line":16,"column":0},"end":{"line":16,"column":41}},"16":{"start":{"line":17,"column":0},"end":{"line":17,"column":57}},"17":{"start":{"line":18,"column":0},"end":{"line":18,"column":20}},"18":{"start":{"line":19,"column":0},"end":{"line":19,"column":15}},"19":{"start":{"line":20,"column":0},"end":{"line":20,"column":16}},"20":{"start":{"line":21,"column":0},"end":{"line":21,"column":3}},"21":{"start":{"line":22,"column":0},"end":{"line":22,"column":2}},"22":{"start":{"line":23,"column":0},"end":{"line":23,"column":17}},"23":{"start":{"line":24,"column":0},"end":{"line":24,"column":1}},"24":{"start":{"line":25,"column":0},"end":{"line":25,"column":0}},"25":{"start":{"line":26,"column":0},"end":{"line":26,"column":42}},"26":{"start":{"line":27,"column":0},"end":{"line":27,"column":56}},"27":{"start":{"line":28,"column":0},"end":{"line":28,"column":1}},"28":{"start":{"line":29,"column":0},"end":{"line":29,"column":0}},"29":{"start":{"line":30,"column":0},"end":{"line":30,"column":54}},"30":{"start":{"line":31,"column":0},"end":{"line":31,"column":46}},"31":{"start":{"line":32,"column":0},"end":{"line":32,"column":42}},"32":{"start":{"line":33,"column":0},"end":{"line":33,"column":1}}},"s":{"0":1,"1":1,"2":1,"3":2,"4":2,"5":2,"6":2,"7":2,"8":2,"9":1,"10":1,"11":1,"12":1,"13":1,"14":1,"15":1,"16":3,"17":3,"18":1,"19":1,"20":1,"21":3,"22":1,"23":1,"24":1,"25":1,"26":0,"27":0,"28":1,"29":1,"30":0,"31":0,"32":0},"branchMap":{"0":{"type":"branch","line":3,"loc":{"start":{"line":3,"column":84},"end":{"line":9,"column":1}},"locations":[{"start":{"line":3,"column":84},"end":{"line":9,"column":1}}]},"1":{"type":"branch","line":4,"loc":{"start":{"line":4,"column":11},"end":{"line":4,"column":53}},"locations":[{"start":{"line":4,"column":11},"end":{"line":4,"column":53}}]},"2":{"type":"branch","line":4,"loc":{"start":{"line":4,"column":19},"end":{"line":4,"column":53}},"locations":[{"start":{"line":4,"column":19},"end":{"line":4,"column":53}}]},"3":{"type":"branch","line":6,"loc":{"start":{"line":6,"column":18},"end":{"line":6,"column":42}},"locations":[{"start":{"line":6,"column":18},"end":{"line":6,"column":42}}]},"4":{"type":"branch","line":7,"loc":{"start":{"line":7,"column":8},"end":{"line":7,"column":27}},"locations":[{"start":{"line":7,"column":8},"end":{"line":7,"column":27}}]},"5":{"type":"branch","line":8,"loc":{"start":{"line":8,"column":7},"end":{"line":8,"column":19}},"locations":[{"start":{"line":8,"column":7},"end":{"line":8,"column":19}}]},"6":{"type":"branch","line":9,"loc":{"start":{"line":9,"column":0},"end":{"line":9,"column":1}},"locations":[{"start":{"line":9,"column":0},"end":{"line":9,"column":1}}]},"7":{"type":"branch","line":13,"loc":{"start":{"line":13,"column":7},"end":{"line":24,"column":1}},"locations":[{"start":{"line":13,"column":7},"end":{"line":24,"column":1}}]},"8":{"type":"branch","line":16,"loc":{"start":{"line":16,"column":40},"end":{"line":22,"column":2}},"locations":[{"start":{"line":16,"column":40},"end":{"line":22,"column":2}}]},"9":{"type":"branch","line":17,"loc":{"start":{"line":17,"column":16},"end":{"line":17,"column":38}},"locations":[{"start":{"line":17,"column":16},"end":{"line":17,"column":38}}]},"10":{"type":"branch","line":18,"loc":{"start":{"line":18,"column":19},"end":{"line":21,"column":3}},"locations":[{"start":{"line":18,"column":19},"end":{"line":21,"column":3}}]},"11":{"type":"branch","line":24,"loc":{"start":{"line":24,"column":0},"end":{"line":24,"column":1}},"locations":[{"start":{"line":24,"column":0},"end":{"line":24,"column":1}}]}},"b":{"0":[2],"1":[1],"2":[3],"3":[6],"4":[8],"5":[6],"6":[2],"7":[1],"8":[3],"9":[0],"10":[1],"11":[1]},"fnMap":{"0":{"name":"argsort","decl":{"start":{"line":3,"column":84},"end":{"line":9,"column":1}},"loc":{"start":{"line":3,"column":84},"end":{"line":9,"column":1}},"line":3},"1":{"name":"k","decl":{"start":{"line":4,"column":19},"end":{"line":4,"column":53}},"loc":{"start":{"line":4,"column":19},"end":{"line":4,"column":53}},"line":4},"2":{"name":"get","decl":{"start":{"line":9,"column":0},"end":{"line":9,"column":1}},"loc":{"start":{"line":9,"column":0},"end":{"line":9,"column":1}},"line":9},"3":{"name":"argmax","decl":{"start":{"line":13,"column":7},"end":{"line":24,"column":1}},"loc":{"start":{"line":13,"column":7},"end":{"line":24,"column":1}},"line":13},"4":{"name":"get","decl":{"start":{"line":24,"column":0},"end":{"line":24,"column":1}},"loc":{"start":{"line":24,"column":0},"end":{"line":24,"column":1}},"line":24},"5":{"name":"choose","decl":{"start":{"line":26,"column":7},"end":{"line":28,"column":1}},"loc":{"start":{"line":26,"column":7},"end":{"line":28,"column":1}},"line":26},"6":{"name":"get","decl":{"start":{"line":28,"column":0},"end":{"line":28,"column":1}},"loc":{"start":{"line":28,"column":0},"end":{"line":28,"column":1}},"line":28},"7":{"name":"normalize","decl":{"start":{"line":30,"column":7},"end":{"line":33,"column":1}},"loc":{"start":{"line":30,"column":7},"end":{"line":33,"column":1}},"line":30},"8":{"name":"get","decl":{"start":{"line":33,"column":0},"end":{"line":33,"column":1}},"loc":{"start":{"line":33,"column":0},"end":{"line":33,"column":1}},"line":33}},"f":{"0":2,"1":3,"2":2,"3":1,"4":1,"5":0,"6":0,"7":0,"8":0}}
}
